 * Serving Flask app 'app'
 * Debug mode: off
 * Serving Flask app 'app'
 * Debug mode: off
 * Serving Flask app 'app'
 * Debug mode: off
 * Serving Flask app 'app'
 * Debug mode: off
[INFO] 日志系统初始化完成
[INFO] 程序启动
[INFO] 使用配置文件: ".\\config.yaml"
[INFO] 日志系统初始化完成
[INFO] 程序启动
[INFO] 使用配置文件: ".\\config.yaml"
[INFO] 日志系统初始化完成
[INFO] 程序启动
[INFO] 使用配置文件: ".\\config.yaml"
[INFO] 日志系统初始化完成
[INFO] 程序启动
[INFO] 使用配置文件: ".\\config.yaml"
 * Serving Flask app 'app'
 * Debug mode: off
 * Serving Flask app 'app'
 * Debug mode: off
 * Serving Flask app 'app'
 * Debug mode: off
 * Serving Flask app 'app'
 * Debug mode: off
 * Serving Flask app 'app'
 * Debug mode: off
 * Serving Flask app 'app'
 * Debug mode: off
 * Serving Flask app 'app'
 * Debug mode: off
